1970-01-01 00:00:20,613: <INFO> inno_lib - create default logo for T2
1970-01-01 00:00:20,843: <INFO> MServer - MServer.py is running:G19:20.606968619
1970-01-01 00:00:40,702: <INFO> MParser - GetData:T2/0x1488076482c621/192.168.1.254/50:6c:be:08:b2:11
1970-01-01 00:00:40,706: <INFO> MParser - SetData:['6.6.3.149', '255.255.255.0', '6.6.3.1', '8.8.8.8', '114.114.114.114']
2017-12-18 11:30:26,155: <INFO> MServer - net is down,NetCount = 1...
2017-12-18 11:36:04,135: <INFO> MServer - net is down,NetCount = 2...
2017-12-18 11:37:16,219: <INFO> MServer - net is down,NetCount = 3...
2017-12-18 12:11:11,372: <INFO> MServer - count:1
2017-12-18 12:11:11,875: <INFO> MServer - count:2
2017-12-18 12:11:12,378: <INFO> MServer - count:3
2017-12-18 12:11:12,881: <INFO> MServer - count:4
2017-12-18 12:11:13,384: <INFO> MServer - count:5
2017-12-18 12:11:13,887: <INFO> MServer - count:6
2017-12-18 12:11:14,389: <INFO> MServer - rm /innocfg/etc.
2017-12-18 12:11:14,448: <INFO> MServer - Reboot...............
2017-12-18 12:11:14,450: <INFO> inno_lib - rebooting...
1970-01-01 00:00:18,458: <INFO> MServer - MServer.py is running:G19:18.246499744000001
2018-01-15 15:27:23,148: <INFO> submit_net - network cfg changed to {'ipaddress': '192.168.1.57', 'netmask': '255.255.255.0', 'dhcp': 'static', 'type': 'T2', 'gateway': '192.168.1.1', 'dns': ['8.8.8.8', '8.8.4.4']}
2018-01-15 15:28:26,853: <INFO> upload - start upgrading
2018-01-15 15:29:03,249: <INFO> upload - keepsettings=1
2018-01-15 15:29:03,641: <INFO> upload - upgrade file size: 48784406
2018-01-15 15:29:08,407: <INFO> upload - start running /tmp/upgrade.py
2018-01-15 15:30:32,923: <INFO> inno_lib - create default logo for T2
2018-01-15 15:31:36,361: <INFO> pool - miner cfg changed to {"Password1": "x", "Password2": null, "Password3": null, "fanspeed": "1", "vidmode": "1", "fanmode": "1", "PoolNum": "1", "Voltage": 25, "Pool1": "stratum+tcp://ltc.s.innomining.com:1900", "Frequency": "1044", "Pool3": null, "Pool2": null, "UserName2": null, "UserName3": null, "UserName1": "inno.ltc"}
2018-01-15 15:33:41,617: <INFO> pool - miner cfg changed to {"UserName2": null, "vidmode": "1", "UserName1": "chaosmining", "PoolNum": "1", "Frequency": "1044", "UserName3": null, "Voltage": 25, "Password1": "n=chaos17", "Password2": null, "Password3": null, "Pool3": null, "fanmode": "1", "Pool1": "stratum+tcp://prohashing.com:3333", "fanspeed": "1", "Pool2": null}
2018-01-15 15:34:42,491: <INFO> MServer - net is up,start miner...
2018-01-15 20:55:30,630: <INFO> MServer - net is up,start miner...
2018-01-16 10:45:18,130: <INFO> MServer - net is up,start miner...
2018-01-16 10:48:33,015: <INFO> MServer - net is up,start miner...
2018-01-16 10:51:47,943: <INFO> MServer - net is up,start miner...
2018-01-16 10:55:02,872: <INFO> MServer - net is up,start miner...
2018-01-16 10:58:17,746: <INFO> MServer - net is up,start miner...
2018-01-16 11:01:32,650: <INFO> MServer - net is up,start miner...
2018-01-16 11:04:47,570: <INFO> MServer - net is up,start miner...
2018-01-16 11:08:02,480: <INFO> MServer - net is up,start miner...
2018-01-16 11:11:17,389: <INFO> MServer - net is up,start miner...
2018-01-16 11:14:32,240: <INFO> MServer - net is up,start miner...
2018-01-16 11:17:47,141: <INFO> MServer - net is up,start miner...
2018-01-16 11:21:02,026: <INFO> MServer - net is up,start miner...
2018-01-16 11:24:16,937: <INFO> MServer - net is up,start miner...
2018-01-16 11:27:31,825: <INFO> MServer - net is up,start miner...
2018-01-16 11:30:46,720: <INFO> MServer - net is up,start miner...
2018-01-16 11:34:01,623: <INFO> MServer - net is up,start miner...
2018-01-16 11:37:16,546: <INFO> MServer - net is up,start miner...
2018-01-16 11:40:31,451: <INFO> MServer - net is up,start miner...
2018-01-16 11:43:46,356: <INFO> MServer - net is up,start miner...
2018-01-16 11:47:01,239: <INFO> MServer - net is up,start miner...
2018-01-16 11:50:16,173: <INFO> MServer - net is up,start miner...
2018-01-16 11:53:31,070: <INFO> MServer - net is up,start miner...
2018-01-16 11:56:45,969: <INFO> MServer - net is up,start miner...
2018-01-16 12:00:00,891: <INFO> MServer - net is up,start miner...
2018-01-16 12:03:15,805: <INFO> MServer - net is up,start miner...
2018-01-16 12:06:30,720: <INFO> MServer - net is up,start miner...
2018-01-16 12:09:45,624: <INFO> MServer - net is up,start miner...
2018-01-16 12:13:00,500: <INFO> MServer - net is up,start miner...
2018-01-16 12:16:15,412: <INFO> MServer - net is up,start miner...
2018-01-16 12:19:30,297: <INFO> MServer - net is up,start miner...
2018-01-16 12:22:45,226: <INFO> MServer - net is up,start miner...
2018-01-16 12:26:00,100: <INFO> MServer - net is up,start miner...
2018-01-16 12:29:15,011: <INFO> MServer - net is up,start miner...
2018-01-16 12:32:29,895: <INFO> MServer - net is up,start miner...
2018-01-16 12:35:44,780: <INFO> MServer - net is up,start miner...
2018-01-16 12:38:59,710: <INFO> MServer - net is up,start miner...
2018-01-16 12:42:14,630: <INFO> MServer - net is up,start miner...
2018-01-17 04:03:16,170: <INFO> MServer - net is up,start miner...
2018-01-17 05:44:00,653: <INFO> MServer - net is up,start miner...
2018-01-17 05:47:15,570: <INFO> MServer - net is up,start miner...
2018-01-17 05:50:30,447: <INFO> MServer - net is up,start miner...
2018-01-17 05:53:45,357: <INFO> MServer - net is up,start miner...
2018-01-17 05:58:12,362: <INFO> MServer - net is up,start miner...
2018-01-17 06:01:27,271: <INFO> MServer - net is up,start miner...
2018-01-17 06:04:42,205: <INFO> MServer - net is up,start miner...
2018-01-17 06:10:01,595: <INFO> MServer - net is up,start miner...
2018-01-17 06:13:16,460: <INFO> MServer - net is up,start miner...
2018-01-17 06:16:31,361: <INFO> MServer - net is up,start miner...
2018-01-17 06:19:46,290: <INFO> MServer - net is up,start miner...
2018-01-17 06:23:01,200: <INFO> MServer - net is up,start miner...
2018-01-17 06:26:16,101: <INFO> MServer - net is up,start miner...
2018-01-17 06:29:31,013: <INFO> MServer - net is up,start miner...
2018-01-17 06:32:45,944: <INFO> MServer - net is up,start miner...
2018-01-17 06:36:00,792: <INFO> MServer - net is up,start miner...
2018-01-17 06:39:15,686: <INFO> MServer - net is up,start miner...
2018-01-17 06:42:30,590: <INFO> MServer - net is up,start miner...
2018-01-17 06:45:45,520: <INFO> MServer - net is up,start miner...
2018-01-17 06:49:00,430: <INFO> MServer - net is up,start miner...
2018-01-17 06:52:15,337: <INFO> MServer - net is up,start miner...
2018-01-17 06:55:30,245: <INFO> MServer - net is up,start miner...
2018-01-17 06:58:45,182: <INFO> MServer - net is up,start miner...
2018-01-18 05:12:19,002: <INFO> MServer - net is up,start miner...
2018-01-20 20:56:06,385: <INFO> MServer - net is up,start miner...
2018-01-25 16:27:17,448: <INFO> pool - miner cfg changed to {"fanspeed": "1", "Frequency": "1044", "UserName2": null, "UserName1": "chaosmining.17", "Pool1": "stratum+tcp://us.litecoinpool.org:3333", "Password1": "x", "Password3": null, "Password2": null, "vidmode": "1", "PoolNum": "1", "fanmode": "1", "Pool2": null, "UserName3": null, "Voltage": 25, "Pool3": null}
2018-01-25 16:27:19,437: <INFO> MServer - net is up,start miner...
2018-01-25 16:29:15,948: <INFO> upload - start upgrading
2018-01-25 16:29:46,611: <INFO> upload - keepsettings=1
2018-01-25 16:29:47,191: <INFO> upload - upgrade file size: 48783157
2018-01-25 16:29:52,836: <INFO> upload - start running /tmp/upgrade.py
2018-01-26 15:12:17,620: <INFO> upload - start upgrading
2018-01-26 15:12:40,096: <INFO> upload - keepsettings=1
2018-01-26 15:12:40,365: <INFO> upload - upgrade file size: 48784462
2018-01-26 15:12:43,409: <INFO> upload - start running /tmp/upgrade.py
2018-01-26 15:14:00,989: <INFO> submit_net - network cfg changed to {'ipaddress': '192.168.1.43', 'dns': ['8.8.8.8', '8.8.4.4'], 'type': 'T2', 'dhcp': 'static', 'gateway': '192.168.1.1', 'netmask': '255.255.255.0'}
2018-01-26 15:14:40,833: <INFO> pool - miner cfg changed to {"UserName3": null, "fanmode": "1", "vidmode": "1", "fanspeed": "1", "Voltage": 25, "PoolNum": "1", "Frequency": "1044", "UserName1": "chaosmining.3", "Password2": null, "Password1": "x", "UserName2": null, "Password3": null, "Pool1": "stratum+tcp://us.litecoinpool.org:3333", "Pool2": null, "Pool3": null}
2018-01-26 15:27:02,983: <INFO> MServer - net is up,start miner...
2018-01-26 15:32:34,263: <INFO> MServer - net is up,start miner...
2018-01-26 15:37:57,173: <INFO> MServer - net is up,start miner...
2018-01-26 15:44:41,191: <INFO> MServer - net is up,start miner...
2018-01-26 15:52:28,669: <INFO> MServer - net is up,start miner...
2018-01-26 15:58:00,320: <INFO> MServer - net is up,start miner...
2018-01-26 16:03:22,998: <INFO> MServer - net is up,start miner...
2018-01-26 16:08:45,253: <INFO> MServer - net is up,start miner...
2018-01-26 16:14:07,963: <INFO> MServer - net is up,start miner...
2018-01-26 16:19:30,563: <INFO> MServer - net is up,start miner...
2018-01-26 16:24:52,893: <INFO> MServer - net is up,start miner...
2018-01-26 16:30:15,378: <INFO> MServer - net is up,start miner...
2018-01-26 16:35:38,103: <INFO> MServer - net is up,start miner...
2018-01-26 16:41:00,678: <INFO> MServer - net is up,start miner...
2018-01-26 16:46:23,194: <INFO> MServer - net is up,start miner...
2018-01-26 16:51:45,905: <INFO> MServer - net is up,start miner...
2018-01-26 16:57:07,869: <INFO> MServer - net is up,start miner...
2018-01-26 17:02:29,868: <INFO> MServer - net is up,start miner...
2018-01-26 17:07:51,839: <INFO> MServer - net is up,start miner...
2018-01-26 17:09:26,342: <INFO> submit_net - network cfg changed to {'dns': ['8.8.8.8', '192.168.1.1'], 'ipaddress': '192.168.1.43', 'dhcp': 'static', 'gateway': '192.168.1.1', 'netmask': '255.255.255.0', 'type': 'T2'}
2018-01-26 17:13:13,684: <INFO> MServer - net is up,start miner...
2018-01-26 17:18:35,793: <INFO> MServer - net is up,start miner...
2018-01-26 17:23:57,618: <INFO> MServer - net is up,start miner...
2018-01-26 17:28:54,859: <INFO> upload - start upgrading
2018-01-26 17:29:14,486: <INFO> upload - keepsettings=0
2018-01-26 17:29:14,864: <INFO> upload - upgrade file size: 48784462
2018-01-26 17:29:17,986: <INFO> upload - start running /tmp/upgrade.py
2018-01-26 17:29:19,672: <INFO> MServer - net is up,start miner...
1970-01-01 00:00:46,767: <INFO> submit_net - network cfg changed to {'netmask': '255.255.255.0', 'ipaddress': '192.168.1.43', 'dns': ['8.8.8.8', '114.114.114.114'], 'gateway': '192.168.1.1', 'dhcp': 'static', 'type': 'T2'}
1970-01-01 00:01:36,966: <INFO> pool - miner cfg changed to {"Voltage": 25, "Pool2": null, "Pool3": null, "Pool1": "stratum+tcp://us.litecoinpool.org:3333", "Frequency": 1044, "vidmode": "1", "UserName3": null, "UserName2": null, "UserName1": "chaosmining.3", "PoolNum": "1", "fanmode": "1", "Password1": "x", "fanspeed": "1", "Password3": null, "Password2": null}
2018-01-26 17:42:07,721: <INFO> MServer - net is up,start miner...
2018-01-26 17:43:20,868: <INFO> inno_lib - rebooting...
2018-01-26 19:16:50,141: <INFO> MServer - net is up,start miner...
2018-01-27 02:06:31,267: <INFO> MServer - net is up,start miner...
2018-01-27 06:48:58,315: <INFO> MServer - net is up,start miner...
2018-01-27 14:15:24,055: <INFO> MServer - net is up,start miner...
2018-01-27 14:40:14,786: <INFO> MServer - net is up,start miner...
2018-01-27 14:46:03,915: <INFO> MServer - net is up,start miner...
2018-01-28 10:22:18,896: <INFO> MServer - net is up,start miner...
2018-01-28 18:02:25,155: <INFO> MServer - net is up,start miner...
2018-01-28 22:15:16,436: <INFO> MServer - net is up,start miner...
2018-01-29 03:47:26,191: <INFO> MServer - net is up,start miner...
2018-01-29 03:56:38,882: <INFO> upload - start upgrading
2018-01-29 03:57:46,709: <INFO> upload - keepsettings=1
2018-01-29 03:57:47,513: <INFO> upload - upgrade file size: 48783182
2018-01-29 03:57:57,658: <INFO> upload - start running /tmp/upgrade.py
2018-01-29 16:10:52,136: <INFO> pool - miner cfg changed to {"Pool1": "stratum+tcp://us.litecoinpool.org:3333", "Frequency": "1100", "Pool3": null, "Pool2": null, "UserName2": null, "UserName3": null, "vidmode": "1", "UserName1": "chaosmining.3", "Voltage": "20", "PoolNum": "1", "Password1": "x", "Password2": null, "Password3": null, "fanspeed": "1", "fanmode": "1"}
2018-01-31 17:58:42,793: <INFO> pool - miner cfg changed to {"fanmode": "1", "Pool1": "stratum+tcp://us.litecoinpool.org:3333", "fanspeed": "1", "UserName3": null, "UserName2": null, "UserName1": "chaosmining.3", "Frequency": "1152", "Password1": "x", "Password3": null, "Password2": null, "Pool2": null, "Pool3": null, "Voltage": "14", "PoolNum": "1", "vidmode": "0"}
2018-02-05 15:04:18,021: <INFO> pool - miner cfg changed to {"Password1": "x", "Password2": null, "Password3": null, "Pool3": null, "fanmode": "1", "Pool1": "stratum+tcp://us.litecoinpool.org:3333", "PoolNum": "1", "fanspeed": "1", "vidmode": "0", "UserName3": null, "UserName2": null, "Frequency": "1044", "Pool2": null, "UserName1": "chaosmining.3", "Voltage": "25"}
2018-02-06 14:01:59,617: <INFO> pool - miner cfg changed to {"fanmode": "1", "vidmode": "0", "UserName1": "chaosmining.3", "UserName3": null, "UserName2": null, "Pool2": null, "Pool3": null, "Pool1": "stratum+tcp://us.litecoinpool.org:3333", "PoolNum": "1", "Frequency": "1100", "Voltage": "20", "fanspeed": "1", "Password3": null, "Password2": null, "Password1": "x"}
2018-02-06 14:02:02,041: <INFO> pool - miner cfg changed to {"fanmode": "1", "Voltage": "20", "Password2": null, "Password3": null, "UserName1": "chaosmining.3", "Password1": "x", "fanspeed": "1", "PoolNum": "1", "Frequency": "1100", "vidmode": "0", "UserName2": null, "UserName3": null, "Pool3": null, "Pool2": null, "Pool1": "stratum+tcp://us.litecoinpool.org:3333"}
2018-02-06 14:02:53,833: <INFO> pool - miner cfg changed to {"Pool2": null, "Pool3": null, "Pool1": "stratum+tcp://us.litecoinpool.org:3333", "fanmode": "1", "UserName1": "chaosmining.3", "UserName3": null, "UserName2": null, "vidmode": "0", "fanspeed": "1", "Password3": null, "Password2": null, "Password1": "x", "PoolNum": "1", "Frequency": "1100", "Voltage": "20"}
2018-02-06 14:26:40,708: <INFO> pool - miner cfg changed to {"PoolNum": "1", "vidmode": "0", "fanmode": "1", "fanspeed": "1", "Frequency": "1152", "Password3": null, "Password2": null, "Password1": "x", "UserName1": "chaosmining.3", "UserName3": null, "UserName2": null, "Voltage": "14", "Pool1": "stratum+tcp://us.litecoinpool.org:3333", "Pool2": null, "Pool3": null}
2018-02-12 15:05:35,248: <INFO> pool - miner cfg changed to {"Pool1": "stratum+tcp://us.litecoinpool.org:3333", "Pool2": null, "Pool3": null, "fanmode": "1", "UserName3": null, "UserName2": null, "UserName1": "chaosmining.3", "Voltage": "25", "fanspeed": "1", "Password1": "x", "Password3": null, "Password2": null, "PoolNum": "1", "Frequency": "1044", "vidmode": "0"}
2018-02-12 15:05:36,290: <INFO> pool - miner cfg changed to {"PoolNum": "1", "Voltage": "25", "Password1": "x", "Password3": null, "Password2": null, "UserName3": null, "fanspeed": "1", "UserName1": "chaosmining.3", "UserName2": null, "Frequency": "1044", "vidmode": "0", "Pool1": "stratum+tcp://us.litecoinpool.org:3333", "Pool2": null, "Pool3": null, "fanmode": "1"}
2018-02-12 15:07:28,642: <INFO> pool - miner cfg changed to {"Pool2": null, "Frequency": "1044", "Pool1": "stratum+tcp://us.litecoinpool.org:3333", "PoolNum": "1", "Pool3": null, "UserName3": null, "UserName2": null, "UserName1": "chaosmining.3", "Password1": "x", "Password3": null, "Password2": null, "fanspeed": "1", "Voltage": "25", "fanmode": "1", "vidmode": "0"}
2018-02-12 20:44:18,056: <INFO> pool - miner cfg changed to {"fanmode": "1", "Frequency": "1100", "vidmode": "0", "Password3": null, "Password2": null, "Password1": "x", "fanspeed": "1", "UserName1": "chaosmining.3", "UserName3": null, "UserName2": null, "PoolNum": "1", "Pool2": null, "Pool3": null, "Pool1": "stratum+tcp://us.litecoinpool.org:3333", "Voltage": "20"}
2018-02-13 14:21:00,316: <INFO> pool - miner cfg changed to {"Pool1": "stratum+tcp://us.litecoinpool.org:3333", "vidmode": "0", "Pool3": null, "PoolNum": "1", "Voltage": "14", "UserName2": null, "UserName3": null, "UserName1": "chaosmining.3", "Frequency": "1152", "Pool2": null, "Password1": "x", "Password2": null, "Password3": null, "fanspeed": "1", "fanmode": "1"}
2018-02-13 20:42:19,018: <INFO> pool - miner cfg changed to {"Password1": "x", "Password2": null, "Password3": null, "fanspeed": "1", "fanmode": "1", "vidmode": "0", "Pool1": "stratum+tcp://us.litecoinpool.org:3333", "Frequency": "1152", "Pool3": null, "Pool2": null, "UserName2": null, "UserName3": null, "UserName1": "chaosmining.3", "PoolNum": "1", "Voltage": "14"}
2018-02-13 20:46:34,769: <INFO> pool - miner cfg changed to {"Pool3": null, "Pool2": null, "Pool1": "stratum+tcp://prohashing.com:3333", "fanmode": "1", "UserName1": "chaosmining.3", "UserName2": null, "UserName3": null, "fanspeed": "1", "Password2": null, "Password3": null, "Password1": "x", "vidmode": "0", "PoolNum": "1", "Voltage": "14", "Frequency": "1152"}
2018-02-13 20:49:23,082: <INFO> pool - miner cfg changed to {"UserName2": null, "UserName3": null, "UserName1": "chaosmining", "PoolNum": "1", "Frequency": "1152", "Voltage": "14", "Pool3": null, "Pool2": null, "Pool1": "stratum+tcp://prohashing.com:3333", "fanmode": "1", "vidmode": "0", "fanspeed": "1", "Password1": "n=chaos3", "Password2": null, "Password3": null}
2018-02-15 21:55:19,674: <INFO> pool - miner cfg changed to {"fanspeed": "1", "Pool2": null, "fanmode": "1", "UserName1": "ChaosMine1x43", "Pool3": null, "PoolNum": "1", "Pool1": "stratum+tcp://hub.miningpoolhub.com:17001", "Frequency": "1152", "UserName2": null, "Password2": null, "Password3": null, "Password1": "x", "vidmode": "0", "Voltage": "14", "UserName3": null}
2018-02-15 21:59:28,222: <INFO> pool - miner cfg changed to {"Password1": "x", "Password2": null, "Password3": null, "UserName3": null, "Voltage": "14", "fanspeed": "1", "Pool3": null, "UserName2": null, "Frequency": "1152", "Pool1": "stratum+tcp://hub.miningpoolhub.com:17001", "Pool2": null, "vidmode": "0", "PoolNum": "1", "UserName1": "ChaosMine.1x43", "fanmode": "1"}
2018-02-17 02:43:14,188: <INFO> pool - miner cfg changed to {"PoolNum": "1", "Password2": null, "Password3": null, "Password1": "x", "vidmode": "0", "UserName3": null, "Pool3": null, "Pool2": null, "Pool1": "stratum+tcp://us.litecoinpool.org:3333", "fanspeed": "1", "UserName1": "chaosmining.1x43", "UserName2": null, "Frequency": "1152", "fanmode": "1", "Voltage": "14"}
2018-03-10 17:46:12,838: <INFO> upload - start upgrading
2018-03-10 17:47:30,408: <INFO> upload - keepsettings=0
2018-03-10 17:47:31,584: <INFO> upload - upgrade file size: 48789293
2018-03-10 17:47:41,243: <INFO> upload - start running /tmp/upgrade.py
2018-03-10 17:50:37,377: <INFO> cgi.submit_net - ['8.8.8.8', '114.114.114.114']
2018-03-10 17:50:37,395: <INFO> submit_net - network cfg changed to {'ipaddress': '192.168.1.43', 'netmask': '255.255.255.0', 'dhcp': 'static', 'type': 'T2', 'gateway': '192.168.1.1', 'dns': ['8.8.8.8', '114.114.114.114']}
2018-03-10 17:51:29,379: <INFO> pool - miner cfg changed to {"fanspeed": "1", "Pool1": "stratum+tcp://us.litecoinpool.org:3333", "Pool3": null, "Pool2": null, "UserName3": null, "fanmode": "1", "PoolNum": "1", "UserName1": "chaosmining.1x43", "UserName2": null, "vidmode": "1", "Password2": null, "Password3": null, "Frequency": "1152", "Password1": "x", "Voltage": 20}
2018-03-10 17:55:14,373: <INFO> inno_lib - rebooting...
2018-03-14 20:52:50,316: <INFO> pool - miner cfg changed to {"Password3": null, "Password2": null, "vidmode": "1", "fanspeed": "1", "PoolNum": "1", "Frequency": "1152", "Password1": "x", "UserName1": "ChaosMine.1x43", "Pool2": null, "fanmode": "1", "UserName2": null, "Voltage": 20, "Pool1": "stratum+tcp://hub.miningpoolhub.com:17001", "UserName3": null, "Pool3": null}
