2018-01-15 15:28:26,868: INFO - <1%> start upgrading.
2018-01-15 15:28:26,870: INFO - <2%> transferring upgrade file...
2018-01-15 15:29:04,222: INFO - <10%> transferring upgrade file... done.
2018-01-15 15:29:04,248: INFO - <15%> parsing upgrade file...
2018-01-15 15:29:08,304: INFO - <20%> parsing upgrade file... done.
2018-01-15 15:29:10,300: INFO - <25%> parsing upgrade packages...
2018-01-15 15:29:11,542: INFO - <30%> parsing upgrade packages... done.
2018-01-15 15:29:11,740: INFO - <30%> start upgrading G19 on section b...
2018-01-15 15:29:11,742: INFO - <35%> upgrading BOOT.bin...
2018-01-15 15:29:14,087: INFO - <40%> upgrading BOOT.bin... done.
2018-01-15 15:29:15,090: INFO - <45%> upgrading devicetree.dtb...
2018-01-15 15:29:16,199: INFO - <50%> upgrading devicetree.dtb... done.
2018-01-15 15:29:17,203: INFO - <55%> upgrading uImage...
2018-01-15 15:29:20,899: INFO - <60%> upgrading uImage... done.
2018-01-15 15:29:21,903: INFO - <65%> upgrading rootfs.jffs2...
2018-01-15 15:29:42,538: INFO - <70%> upgrading rootfs.jffs2... done.
2018-01-15 15:29:43,777: INFO - <90%> restoring user conf... done.
2018-01-15 15:29:54,943: INFO - <100%> upgrade done, waiting for reboot...
2018-01-25 16:29:15,952: INFO - <1%> start upgrading.
2018-01-25 16:29:15,954: INFO - <2%> transferring upgrade file...
2018-01-25 16:29:47,795: INFO - <10%> transferring upgrade file... done.
2018-01-25 16:29:47,799: INFO - <15%> parsing upgrade file...
2018-01-25 16:29:52,748: INFO - <20%> parsing upgrade file... done.
2018-01-25 16:30:02,187: INFO - <25%> parsing upgrade packages...
2018-01-25 16:30:03,790: INFO - <30%> parsing upgrade packages... done.
2018-01-25 16:30:03,864: INFO - <30%> start upgrading G19 on section a...
2018-01-25 16:30:03,869: INFO - <35%> upgrading BOOT.bin...
2018-01-25 16:30:06,793: INFO - <40%> upgrading BOOT.bin... done.
2018-01-25 16:30:07,821: INFO - <45%> upgrading devicetree.dtb...
2018-01-25 16:30:08,971: INFO - <50%> upgrading devicetree.dtb... done.
2018-01-25 16:30:09,975: INFO - <55%> upgrading uImage...
2018-01-25 16:30:13,757: INFO - <60%> upgrading uImage... done.
2018-01-25 16:30:14,761: INFO - <65%> upgrading rootfs.jffs2...
2018-01-25 16:30:39,642: INFO - <70%> upgrading rootfs.jffs2... done.
2018-01-25 16:30:40,926: INFO - <90%> restoring user conf... done.
2018-01-25 16:30:53,657: INFO - <100%> upgrade done, waiting for reboot...
2018-01-26 15:12:17,652: INFO - <1%> start upgrading.
2018-01-26 15:12:17,667: INFO - <2%> transferring upgrade file...
2018-01-26 15:12:40,738: INFO - <10%> transferring upgrade file... done.
2018-01-26 15:12:40,740: INFO - <15%> parsing upgrade file...
2018-01-26 15:12:43,336: INFO - <20%> parsing upgrade file... done.
2018-01-26 15:12:44,801: INFO - <25%> parsing upgrade packages...
2018-01-26 15:12:45,690: INFO - <30%> parsing upgrade packages... done.
2018-01-26 15:12:45,880: INFO - <30%> start upgrading G19 on section b...
2018-01-26 15:12:45,883: INFO - <35%> upgrading BOOT.bin...
2018-01-26 15:12:47,578: INFO - <40%> upgrading BOOT.bin... done.
2018-01-26 15:12:48,582: INFO - <45%> upgrading devicetree.dtb...
2018-01-26 15:12:49,670: INFO - <50%> upgrading devicetree.dtb... done.
2018-01-26 15:12:50,673: INFO - <55%> upgrading uImage...
2018-01-26 15:12:52,928: INFO - <60%> upgrading uImage... done.
2018-01-26 15:12:53,932: INFO - <65%> upgrading rootfs.jffs2...
2018-01-26 15:13:05,772: INFO - <70%> upgrading rootfs.jffs2... done.
2018-01-26 15:13:06,929: INFO - <90%> restoring user conf... done.
2018-01-26 15:13:14,069: INFO - <100%> upgrade done, waiting for reboot...
2018-01-26 17:28:54,863: INFO - <1%> start upgrading.
2018-01-26 17:28:54,865: INFO - <2%> transferring upgrade file...
2018-01-26 17:29:15,151: INFO - <10%> transferring upgrade file... done.
2018-01-26 17:29:15,153: INFO - <15%> parsing upgrade file...
2018-01-26 17:29:17,924: INFO - <20%> parsing upgrade file... done.
2018-01-26 17:29:19,340: INFO - <25%> parsing upgrade packages...
2018-01-26 17:29:20,119: INFO - <30%> parsing upgrade packages... done.
2018-01-26 17:29:20,254: INFO - <30%> start upgrading G19 on section a...
2018-01-26 17:29:20,257: INFO - <35%> upgrading BOOT.bin...
2018-01-26 17:29:22,155: INFO - <40%> upgrading BOOT.bin... done.
2018-01-26 17:29:23,159: INFO - <45%> upgrading devicetree.dtb...
2018-01-26 17:29:24,240: INFO - <50%> upgrading devicetree.dtb... done.
2018-01-26 17:29:25,244: INFO - <55%> upgrading uImage...
2018-01-26 17:29:27,285: INFO - <60%> upgrading uImage... done.
2018-01-26 17:29:28,288: INFO - <65%> upgrading rootfs.jffs2...
2018-01-26 17:29:37,664: INFO - <70%> upgrading rootfs.jffs2... done.
2018-01-26 17:29:38,896: INFO - <90%> clearing user conf... done.
2018-01-26 17:29:45,115: INFO - <100%> upgrade done, waiting for reboot...
2018-01-29 03:56:38,886: INFO - <1%> start upgrading.
2018-01-29 03:56:38,889: INFO - <2%> transferring upgrade file...
2018-01-29 03:57:48,416: INFO - <10%> transferring upgrade file... done.
2018-01-29 03:57:48,418: INFO - <15%> parsing upgrade file...
2018-01-29 03:57:57,474: INFO - <20%> parsing upgrade file... done.
2018-01-29 03:58:01,121: INFO - <25%> parsing upgrade packages...this step will take a few minutes, please wait patiently.
2018-01-29 03:58:03,105: INFO - <30%> parsing upgrade packages... done.
2018-01-29 03:58:03,301: INFO - <30%> start upgrading G19 on section b...
2018-01-29 03:58:03,322: INFO - <35%> upgrading BOOT.bin...
2018-01-29 03:58:08,229: INFO - <40%> upgrading BOOT.bin... done.
2018-01-29 03:58:09,233: INFO - <45%> upgrading devicetree.dtb...
2018-01-29 03:58:10,436: INFO - <50%> upgrading devicetree.dtb... done.
2018-01-29 03:58:11,439: INFO - <55%> upgrading uImage...
2018-01-29 03:58:17,574: INFO - <60%> upgrading uImage... done.
2018-01-29 03:58:18,577: INFO - <65%> upgrading rootfs.jffs2...
2018-01-29 03:58:57,475: INFO - <70%> upgrading rootfs.jffs2... done.
2018-01-29 03:58:58,743: INFO - <90%> restoring user conf... done.
2018-01-29 03:59:19,142: INFO - <100%> upgrade done, waiting for reboot...
2018-03-10 17:46:12,841: INFO - <1%> start upgrading.
2018-03-10 17:46:12,844: INFO - <2%> transferring upgrade file...
2018-03-10 17:47:32,876: INFO - <10%> transferring upgrade file... done.
2018-03-10 17:47:32,878: INFO - <15%> parsing upgrade file...
2018-03-10 17:47:41,033: INFO - <20%> parsing upgrade file... done.
2018-03-10 17:47:59,489: INFO - <25%> parsing upgrade packages...
2018-03-10 17:48:03,382: INFO - <30%> parsing upgrade packages... done.
2018-03-10 17:48:03,616: INFO - <30%> start upgrading G19 on section a...
2018-03-10 17:48:03,619: INFO - <35%> upgrading BOOT.bin...
2018-03-10 17:48:09,244: INFO - <40%> upgrading BOOT.bin... done.
2018-03-10 17:48:10,304: INFO - <45%> upgrading devicetree.dtb...
2018-03-10 17:48:11,503: INFO - <50%> upgrading devicetree.dtb... done.
2018-03-10 17:48:12,507: INFO - <55%> upgrading uImage...
2018-03-10 17:48:19,801: INFO - <60%> upgrading uImage... done.
2018-03-10 17:48:20,805: INFO - <65%> upgrading rootfs.jffs2...
2018-03-10 17:49:03,781: INFO - <70%> upgrading rootfs.jffs2... done.
2018-03-10 17:49:05,255: INFO - <90%> clearing user conf... done.
2018-03-10 17:49:29,144: INFO - <100%> upgrade done, waiting for reboot...
